string = "A-quick-brown-fox"
'A-quick-brown-fox'
array_of_strings = string.split("-")
(4) ['A', 'quick', 'brown', 'fox']
console.log(string)
VM1213:1 A-quick-brown-fox
undefined
console.log(arr
VM1267:1 Uncaught SyntaxError: missing ) after argument list
console.log(array_of_strings)
VM1322:1 (4) ['A', 'quick', 'brown', 'fox']0: "A"1: "quick"2: "brown"3: "fox"length: 4[[Prototype]]: Array(0)
undefined
string2 = "I love JS"
'I love JS'
array_of_strings2 = string2.split(" ")
(3) ['I', 'love', 'JS']0: "I"1: "love"2: "JS"length: 3[[Prototype]]: Array(0)
console.log(string2)
VM1574:1 I love JS
undefined
console.log(array_of_strings2)
VM1636:1 (3) ['I', 'love', 'JS']
undefined
string3 = "I love hiking"
'I love hiking'
array_of_str3 = string3.split("")
(13) ['I', ' ', 'l', 'o', 'v', 'e', ' ', 'h', 'i', 'k', 'i', 'n', 'g']0: "I"1: " "2: "l"3: "o"4: "v"5: "e"6: " "7: "h"8: "i"9: "k"10: "i"11: "n"12: "g"length: 13[[Prototype]]: Array(0)
console.log(string3)
VM1844:1 I love hiking
undefined
console.log(array_of_str3)
VM1894:1 (13) ['I', ' ', 'l', 'o', 'v', 'e', ' ', 'h', 'i', 'k', 'i', 'n', 'g']0: "I"1: " "2: "l"3: "o"4: "v"5: "e"6: " "7: "h"8: "i"9: "k"10: "i"11: "n"12: "g"length: 13[[Prototype]]: Array(0)
undefined
