let x=3
undefined
console.log(x)
VM341:1 3
undefined
let y = 3
undefined
let y = 5
undefined
y = 7
7
console.log(y)
VM450:1 7
undefined
"hello" * 5
NaN
let a = "hello"
let b = "world"
let c = a + b
console.log(c)
VM612:4 helloworld
undefined
let mystring = `this
is

a
funny
string`
console.log(mystring)
VM744:7 this
is

a
funny
string
undefined
mystring.length
23
mystring.indexOf["funny"]
undefined
mystring.indexOf("funny")
11
mystring.indexOf("string")
17
mystring.indexOf(3)
-1
mystring.substring(0,4)
'this'
//exercise 1
let addressNum = 55
let addressStrt = "Mevo Tidhar"
let country = "Israel"

let globalAddress = `I live in ${addressStrt} ${addressNum}, ${country}`
console.log(globalAddress)
VM1599:7 I live in Mevo Tidhar 55, Israel
undefined
1/0
Infinity
-1/0
-Infinity
-0==0
true
-0===0
true
"5"+5
'55'
5+"5"
'55'
typeof 5+"5"
'number5'
let five = 5;
typeof five
'number'
"5" * 3
15
"5" -3
2
"6"/2
3
isNaN(five)
false
let number = 10.656
undefined
number.toFixed(0)
'11'
number.toFixed(2)
'10.66'
Math.round(9.9)
10
// Exercise 2
undefined
let birthyear = 1992
let futureyear = 2034

let age = birthyear - futureyear
console.log(age)
VM2449:5 -42
undefined
let birthyear = 1992
let futureyear = 2034

let age = futureyear - birthyear
console.log(age)
VM2476:5 42
undefined
console.log(`I will be ${age} years olf in ${futureyear}`)
VM2566:1 I will be 42 years olf in 2034
undefined
console.log(`I will be ${age} years old in ${futureyear}`)
VM2581:1 I will be 42 years old in 2034
undefined
Boolean(10>9)
true
Boolean(0)
false
Boolean(1)
true
Boolean("Fransheska")
true
Boolean(NaN)
false
Boolean("")
false
Boolean(null)
false
Boolean(undefined)
false
Boolean(length)
true
// COMPARISONS
undefined
"5" == 5
true
"5" === 5
false
!false
true
let x = 1
undefined
x+=1
2
x++
2
x
3
++x
4
x--
4
x
3
--x
2
x*=9
18
x
18
x/=9
2
x
2
// FUNCTIONS

undefined
promp("hey everyone")
VM3281:1 Uncaught ReferenceError: promp is not defined
    at <anonymous>:1:1
(anonymous) @ VM3281:1
prompt("hellow word")
''
let asnwer = prompt("what's your name?")
undefined
console.log(answer)
VM3455:1 Uncaught ReferenceError: answer is not defined
    at <anonymous>:1:13
(anonymous) @ VM3455:1
console.log(asnwer)
VM3528:1 franhskes
undefined
let asnwer = prompt("what's your name?, John")
undefined
let asnwer = prompt("what's your name?", "John")
undefined
console.log(asnwer)
VM3629:1 Yuriko
undefined
let isConfirmed = confirm("Are you a student?")
undefined
console.log(isConfirmed)
VM3804:1 true
undefined
// ARRAY 

const myarr = [1, 2, 3]





undefined
myarr = "hello"
VM3924:1 Uncaught TypeError: Assignment to constant variable.
    at <anonymous>:1:7
(anonymous) @ VM3924:1
myarr.push(4)
4
console.log(myarr)
VM4037:1 (4) [1, 2, 3, 4]
undefined
myarr[3] = NaN
console.log(myarr)
VM4163:2 (4) [1, 2, 3, NaN]
undefined
myarr.pop()
NaN
console.log(myarr)
VM4257:1 (3) [1, 2, 3]
undefined
let myval = myarr.pop()
undefined
console.log(myarr)
VM4395:1 (2) [1, 2]
undefined
console.log(myval)
VM4453:1 3
undefined
myarr.push(3, 4, 5, 6)
6
console.log(myarr)
VM4584:1 (6) [1, 2, 3, 4, 5, 6]
undefined
myarr.splice(3, 1, "3");
console.log(myarr)
VM4712:2 (6) [1, 2, 3, '3', 5, 6]
undefined
console.log(myarr)
VM4779:1 (6) [1, 2, 3, '3', 5, 6]
undefined
myarr.splice(0, 0, "-2", "-1", "-0")
[]
console.log(myarr)
VM4935:1 (9) ['-2', '-1', '-0', 1, 2, 3, '3', 5, 6]
undefined
myarr.slice(6)
(3) ['3', 5, 6]
console.log(myarr)
VM5084:1 (9) ['-2', '-1', '-0', 1, 2, 3, '3', 5, 6]
undefined
