alert("Hello")
undefined
let age = prompt("how old are you")
alert(`You are ${age} years old!`)
undefined
let age = prompt("how old are you")
alert(`You are ${age} years old!`)
undefined
let age = prompt("how old are you", 20);
alert(`You are ${age} years old!`);
undefined
let isBoss = confirm("Are you the boss?");
alert(isBoss);
undefined
let isBoss = confirm("Are you the boss?");
alert(isBoss);
undefined
let isMember = confirm("are you a member?");
alert(isMember);
undefined
let users = ["John", "Dani", "Emi"]
console.log(users[0])
VM2273:2 John
undefined
console.log(users.length)
VM2341:1 3
undefined
users.push("Mike");
console.log(users)
VM2541:2 (4) ['John', 'Dani', 'Emi', 'Mike']0: "John"1: "Dani"2: "Emi"3: "Mike"length: 4[[Prototype]]: Array(0)
undefined
users.pop("Mike");
console.log(users)
VM2651:2 (3) ['John', 'Dani', 'Emi']
undefined
users.pop("John");
console.log(users)
VM2777:2 (2) ['John', 'Dani']
undefined
users.pop();
console.log(users)
VM2869:2 ['John']
undefined
users.push("John")
2
users.push("Mary")
3
console.log(users)
VM3021:1 (3) ['John', 'John', 'Mary']
undefined
